<?xml version="1.0" encoding="utf-8"?><testsuites name="pytest tests"><testsuite name="pytest" errors="0" failures="0" skipped="0" tests="11" time="122.803" timestamp="2026-03-22T15:29:06.491708+00:00" hostname="agent-env-06e3c89d-2058-4099-b580-34bb8c77aa6a"><testcase classname="backend.tests.test_247_filtering.Test247FilteringFeatures" name="test_api_health" time="0.185" /><testcase classname="backend.tests.test_247_filtering.Test247FilteringFeatures" name="test_pdf_upload_with_real_bill" time="11.790" /><testcase classname="backend.tests.test_247_filtering.Test247FilteringFeatures" name="test_ec2_has_247_indicator_logic" time="13.085" /><testcase classname="backend.tests.test_247_filtering.Test247FilteringFeatures" name="test_ec2_linux_rhel_split_preserved" time="12.200" /><testcase classname="backend.tests.test_247_filtering.Test247FilteringFeatures" name="test_ec2_savings_with_247_filtering" time="12.207" /><testcase classname="backend.tests.test_247_filtering.Test247FilteringFeatures" name="test_rds_247_filtering_still_works" time="12.132" /><testcase classname="backend.tests.test_247_filtering.Test247FilteringFeatures" name="test_opensearch_247_filtering_still_works" time="12.125" /><testcase classname="backend.tests.test_247_filtering.Test247FilteringFeatures" name="test_s3_no_247_indicator" time="12.251" /><testcase classname="backend.tests.test_247_filtering.Test247FilteringFeatures" name="test_sp_coverage_deduction_preserved" time="12.227" /><testcase classname="backend.tests.test_247_filtering.Test247FilteringFeatures" name="test_overall_savings_calculation" time="12.370" /><testcase classname="backend.tests.test_247_filtering.TestBreakdownStructure" name="test_breakdown_has_required_fields" time="12.069" /></testsuite></testsuites>